\BOOKMARK [1][-]{section.1}{\376\377\000I\000n\000t\000r\000o\000d\000u\000c\000t\000i\000o\000n}{}% 1
\BOOKMARK [1][-]{section.2}{\376\377\000S\000h\000o\000p\000p\000i\000n\000g\000\040\000l\000i\000s\000t}{}% 2
\BOOKMARK [2][-]{subsection.2.1}{\376\377\000M\000a\000t\000e\000r\000i\000a\000l\000s}{section.2}% 3
\BOOKMARK [2][-]{subsection.2.2}{\376\377\000T\000o\000o\000l\000s}{section.2}% 4
\BOOKMARK [1][-]{section.3}{\376\377\000C\000u\000t\000t\000i\000n\000g\000\040\000l\000i\000s\000t}{}% 5
\BOOKMARK [2][-]{subsection.3.1}{\376\377\000P\000l\000a\000n\000k\000s\000\040\000a\000n\000d\000\040\000b\000e\000a\000m\000s\000\040\000l\000e\000n\000g\000t\000h}{section.3}% 6
\BOOKMARK [2][-]{subsection.3.2}{\376\377\000P\000l\000a\000n\000k\000s\000\040\000a\000n\000d\000\040\000b\000e\000a\000m\000s\000\040\000w\000i\000d\000t\000h}{section.3}% 7
\BOOKMARK [1][-]{section.4}{\376\377\000A\000s\000s\000e\000m\000b\000l\000y}{}% 8
\BOOKMARK [2][-]{subsection.4.1}{\376\377\000S\000t\000e\000p\000\040\0001\000\040\000-\000\040\000B\000o\000t\000t\000o\000m\000\040\000a\000n\000d\000\040\000f\000e\000e\000t}{section.4}% 9
\BOOKMARK [2][-]{subsection.4.2}{\376\377\000S\000t\000e\000p\000\040\0002\000\040\000-\000\040\000B\000o\000t\000t\000o\000m\000\040\000a\000n\000d\000\040\000r\000i\000b\000s}{section.4}% 10
\BOOKMARK [2][-]{subsection.4.3}{\376\377\000S\000t\000e\000p\000\040\0003\000\040\000-\000\040\000L\000a\000d\000d\000e\000r\000\040\000f\000r\000a\000m\000e}{section.4}% 11
\BOOKMARK [2][-]{subsection.4.4}{\376\377\000S\000t\000e\000p\000\040\0004\000\040\000-\000\040\000L\000a\000d\000d\000e\000r\000\040\000f\000r\000a\000m\000e\000\040\000o\000n\000\040\000b\000o\000t\000t\000o\000m}{section.4}% 12
\BOOKMARK [2][-]{subsection.4.5}{\376\377\000S\000t\000e\000p\000\040\0005\000\040\000-\000\040\000B\000a\000c\000k\000s\000i\000d\000e\000\040\000r\000i\000b\000s}{section.4}% 13
\BOOKMARK [2][-]{subsection.4.6}{\376\377\000S\000t\000e\000p\000\040\0006\000\040\000-\000\040\000D\000e\000c\000k\000i\000n\000g}{section.4}% 14
\BOOKMARK [2][-]{subsection.4.7}{\376\377\000S\000t\000e\000p\000\040\0007\000\040\000-\000\040\000T\000o\000p\000\040\000c\000o\000v\000e\000r}{section.4}% 15
\BOOKMARK [2][-]{subsection.4.8}{\376\377\000S\000t\000e\000p\000\040\0008\000\040\000-\000\040\000S\000i\000d\000e\000s}{section.4}% 16
\BOOKMARK [2][-]{subsection.4.9}{\376\377\000S\000t\000e\000p\000\040\0009\000\040\000-\000\040\000B\000a\000c\000k\000s\000i\000d\000e}{section.4}% 17
\BOOKMARK [2][-]{subsection.4.10}{\376\377\000S\000t\000e\000p\000\040\0001\0000\000\040\000-\000\040\000D\000o\000o\000r\000\040\000f\000r\000a\000m\000e}{section.4}% 18
\BOOKMARK [2][-]{subsection.4.11}{\376\377\000S\000t\000e\000p\000\040\0001\0001\000\040\000-\000\040\000D\000o\000o\000r\000s}{section.4}% 19
\BOOKMARK [2][-]{subsection.4.12}{\376\377\000S\000t\000e\000p\000\040\0001\0002\000\040\000-\000\040\000C\000o\000m\000p\000l\000e\000t\000e\000\040\000c\000a\000b\000i\000n\000e\000t}{section.4}% 20
\BOOKMARK [1][-]{section.5}{\376\377\000A\000p\000p\000e\000n\000d\000i\000x}{}% 21
