This is pdfTeX, Version 3.141592653-2.6-1.40.24 (TeX Live 2022/Debian) (preloaded format=pdflatex 2022.8.6)  16 AUG 2022 12:31
entering extended mode
 restricted \write18 enabled.
 %&-line parsing enabled.
**/home/windhoos/hout-topologie/users/16-08-2022-12-28-07-John-Doe/main-EN.tex
(/home/windhoos/hout-topologie/users/16-08-2022-12-28-07-John-Doe/main-EN.tex
LaTeX2e <2022-06-01> patch level 5
L3 programming layer <2022-07-15>
(/usr/share/texlive/texmf-dist/tex/latex/base/article.cls
Document Class: article 2021/10/04 v1.4n Standard LaTeX document class
(/usr/share/texlive/texmf-dist/tex/latex/base/size10.clo
File: size10.clo 2021/10/04 v1.4n Standard LaTeX file (size option)
)
\c@part=\count185
\c@section=\count186
\c@subsection=\count187
\c@subsubsection=\count188
\c@paragraph=\count189
\c@subparagraph=\count190
\c@figure=\count191
\c@table=\count192
\abovecaptionskip=\skip47
\belowcaptionskip=\skip48
\bibindent=\dimen138
)
(/usr/share/texlive/texmf-dist/tex/generic/babel/babel.sty
Package: babel 2022/07/20 3.78 The Babel package
\babel@savecnt=\count193
\U@D=\dimen139
\l@unhyphenated=\language9

(/usr/share/texlive/texmf-dist/tex/generic/babel/txtbabel.def)
\bbl@readstream=\read2
\bbl@dirlevel=\count194

(/usr/share/texlive/texmf-dist/tex/generic/babel-english/english.ldf
Language: english 2017/06/06 v3.3r English support from the babel system
Package babel Info: Hyphen rules for 'canadian' set to \l@english
(babel)             (\language0). Reported on input line 102.
Package babel Info: Hyphen rules for 'australian' set to \l@ukenglish
(babel)             (\language5). Reported on input line 105.
Package babel Info: Hyphen rules for 'newzealand' set to \l@ukenglish
(babel)             (\language5). Reported on input line 108.
))
(/usr/share/texlive/texmf-dist/tex/generic/babel/locale/en/babel-english.tex
Package babel Info: Importing font and identification data for english
(babel)             from babel-en.ini. Reported on input line 11.
)
(/usr/share/texlive/texmf-dist/tex/latex/geometry/geometry.sty
Package: geometry 2020/01/02 v5.9 Page Geometry

(/usr/share/texlive/texmf-dist/tex/latex/graphics/keyval.sty
Package: keyval 2022/05/29 v1.15 key=value parser (DPC)
\KV@toks@=\toks16
)
(/usr/share/texlive/texmf-dist/tex/generic/iftex/ifvtex.sty
Package: ifvtex 2019/10/25 v1.7 ifvtex legacy package. Use iftex instead.

(/usr/share/texlive/texmf-dist/tex/generic/iftex/iftex.sty
Package: iftex 2022/02/03 v1.0f TeX engine tests
))
\Gm@cnth=\count195
\Gm@cntv=\count196
\c@Gm@tempcnt=\count197
\Gm@bindingoffset=\dimen140
\Gm@wd@mp=\dimen141
\Gm@odd@mp=\dimen142
\Gm@even@mp=\dimen143
\Gm@layoutwidth=\dimen144
\Gm@layoutheight=\dimen145
\Gm@layouthoffset=\dimen146
\Gm@layoutvoffset=\dimen147
\Gm@dimlist=\toks17
)
(/usr/share/texlive/texmf-dist/tex/latex/hyperref/hyperref.sty
Package: hyperref 2022-06-20 v7.00s Hypertext links for LaTeX

(/usr/share/texlive/texmf-dist/tex/generic/ltxcmds/ltxcmds.sty
Package: ltxcmds 2020-05-10 v1.25 LaTeX kernel commands for general use (HO)
)
(/usr/share/texlive/texmf-dist/tex/generic/pdftexcmds/pdftexcmds.sty
Package: pdftexcmds 2020-06-27 v0.33 Utility functions of pdfTeX for LuaTeX (HO
)

(/usr/share/texlive/texmf-dist/tex/generic/infwarerr/infwarerr.sty
Package: infwarerr 2019/12/03 v1.5 Providing info/warning/error messages (HO)
)
Package pdftexcmds Info: \pdf@primitive is available.
Package pdftexcmds Info: \pdf@ifprimitive is available.
Package pdftexcmds Info: \pdfdraftmode found.
)
(/usr/share/texlive/texmf-dist/tex/generic/kvsetkeys/kvsetkeys.sty
Package: kvsetkeys 2019/12/15 v1.18 Key value parser (HO)
)
(/usr/share/texlive/texmf-dist/tex/generic/kvdefinekeys/kvdefinekeys.sty
Package: kvdefinekeys 2019-12-19 v1.6 Define keys (HO)
)
(/usr/share/texlive/texmf-dist/tex/generic/pdfescape/pdfescape.sty
Package: pdfescape 2019/12/09 v1.15 Implements pdfTeX's escape features (HO)
)
(/usr/share/texlive/texmf-dist/tex/latex/hycolor/hycolor.sty
Package: hycolor 2020-01-27 v1.10 Color options for hyperref/bookmark (HO)
)
(/usr/share/texlive/texmf-dist/tex/latex/letltxmacro/letltxmacro.sty
Package: letltxmacro 2019/12/03 v1.6 Let assignment for LaTeX macros (HO)
)
(/usr/share/texlive/texmf-dist/tex/latex/auxhook/auxhook.sty
Package: auxhook 2019-12-17 v1.6 Hooks for auxiliary files (HO)
)
(/usr/share/texlive/texmf-dist/tex/latex/hyperref/nameref.sty
Package: nameref 2022-05-17 v2.50 Cross-referencing by name of section

(/usr/share/texlive/texmf-dist/tex/latex/refcount/refcount.sty
Package: refcount 2019/12/15 v3.6 Data extraction from label references (HO)
)
(/usr/share/texlive/texmf-dist/tex/generic/gettitlestring/gettitlestring.sty
Package: gettitlestring 2019/12/15 v1.6 Cleanup title references (HO)

(/usr/share/texlive/texmf-dist/tex/latex/kvoptions/kvoptions.sty
Package: kvoptions 2022-06-15 v3.15 Key value format for package options (HO)
))
\c@section@level=\count198
)
\@linkdim=\dimen148
\Hy@linkcounter=\count199
\Hy@pagecounter=\count266

(/usr/share/texlive/texmf-dist/tex/latex/hyperref/pd1enc.def
File: pd1enc.def 2022-06-20 v7.00s Hyperref: PDFDocEncoding definition (HO)
Now handling font encoding PD1 ...
... no UTF-8 mapping file for font encoding PD1
)
(/usr/share/texlive/texmf-dist/tex/generic/intcalc/intcalc.sty
Package: intcalc 2019/12/15 v1.3 Expandable calculations with integers (HO)
)
(/usr/share/texlive/texmf-dist/tex/generic/etexcmds/etexcmds.sty
Package: etexcmds 2019/12/15 v1.7 Avoid name clashes with e-TeX commands (HO)
)
\Hy@SavedSpaceFactor=\count267

(/usr/share/texlive/texmf-dist/tex/latex/hyperref/puenc.def
File: puenc.def 2022-06-20 v7.00s Hyperref: PDF Unicode definition (HO)
Now handling font encoding PU ...
... no UTF-8 mapping file for font encoding PU
)
Package hyperref Info: Option `colorlinks' set `true' on input line 4045.
Package hyperref Info: Hyper figures OFF on input line 4162.
Package hyperref Info: Link nesting OFF on input line 4167.
Package hyperref Info: Hyper index ON on input line 4170.
Package hyperref Info: Plain pages OFF on input line 4177.
Package hyperref Info: Backreferencing OFF on input line 4182.
Package hyperref Info: Implicit mode ON; LaTeX internals redefined.
Package hyperref Info: Bookmarks ON on input line 4408.
\c@Hy@tempcnt=\count268

(/usr/share/texlive/texmf-dist/tex/latex/url/url.sty
\Urlmuskip=\muskip16
Package: url 2013/09/16  ver 3.4  Verb mode for urls, etc.
)
LaTeX Info: Redefining \url on input line 4746.
\XeTeXLinkMargin=\dimen149

(/usr/share/texlive/texmf-dist/tex/generic/bitset/bitset.sty
Package: bitset 2019/12/09 v1.3 Handle bit-vector datatype (HO)

(/usr/share/texlive/texmf-dist/tex/generic/bigintcalc/bigintcalc.sty
Package: bigintcalc 2019/12/15 v1.5 Expandable calculations on big integers (HO
)
))
\Fld@menulength=\count269
\Field@Width=\dimen150
\Fld@charsize=\dimen151
Package hyperref Info: Hyper figures OFF on input line 6024.
Package hyperref Info: Link nesting OFF on input line 6029.
Package hyperref Info: Hyper index ON on input line 6032.
Package hyperref Info: backreferencing OFF on input line 6039.
Package hyperref Info: Link coloring ON on input line 6042.
Package hyperref Info: Link coloring with OCG OFF on input line 6049.
Package hyperref Info: PDF/A mode OFF on input line 6054.

(/usr/share/texlive/texmf-dist/tex/latex/base/atbegshi-ltx.sty
Package: atbegshi-ltx 2021/01/10 v1.0c Emulation of the original atbegshi
package with kernel methods
)
\Hy@abspage=\count270
\c@Item=\count271
\c@Hfootnote=\count272
)
Package hyperref Info: Driver (autodetected): hpdftex.

(/usr/share/texlive/texmf-dist/tex/latex/hyperref/hpdftex.def
File: hpdftex.def 2022-06-20 v7.00s Hyperref driver for pdfTeX

(/usr/share/texlive/texmf-dist/tex/latex/base/atveryend-ltx.sty
Package: atveryend-ltx 2020/08/19 v1.0a Emulation of the original atveryend pac
kage
with kernel methods
)
\Fld@listcount=\count273
\c@bookmark@seq@number=\count274

(/usr/share/texlive/texmf-dist/tex/latex/rerunfilecheck/rerunfilecheck.sty
Package: rerunfilecheck 2022-07-10 v1.10 Rerun checks for auxiliary files (HO)

(/usr/share/texlive/texmf-dist/tex/generic/uniquecounter/uniquecounter.sty
Package: uniquecounter 2019/12/15 v1.4 Provide unlimited unique counter (HO)
)
Package uniquecounter Info: New unique counter `rerunfilecheck' on input line 2
85.
)
\Hy@SectionHShift=\skip49
)
(/usr/share/texlive/texmf-dist/tex/latex/graphics/graphicx.sty
Package: graphicx 2021/09/16 v1.2d Enhanced LaTeX Graphics (DPC,SPQR)

(/usr/share/texlive/texmf-dist/tex/latex/graphics/graphics.sty
Package: graphics 2022/03/10 v1.4e Standard LaTeX Graphics (DPC,SPQR)

(/usr/share/texlive/texmf-dist/tex/latex/graphics/trig.sty
Package: trig 2021/08/11 v1.11 sin cos tan (DPC)
)
(/usr/share/texlive/texmf-dist/tex/latex/graphics-cfg/graphics.cfg
File: graphics.cfg 2016/06/04 v1.11 sample graphics configuration
)
Package graphics Info: Driver file: pdftex.def on input line 107.

(/usr/share/texlive/texmf-dist/tex/latex/graphics-def/pdftex.def
File: pdftex.def 2020/10/05 v1.2a Graphics/color driver for pdftex
))
\Gin@req@height=\dimen152
\Gin@req@width=\dimen153
)
(/usr/share/texlive/texmf-dist/tex/latex/booktabs/booktabs.sty
Package: booktabs 2020/01/12 v1.61803398 Publication quality tables
\heavyrulewidth=\dimen154
\lightrulewidth=\dimen155
\cmidrulewidth=\dimen156
\belowrulesep=\dimen157
\belowbottomsep=\dimen158
\aboverulesep=\dimen159
\abovetopsep=\dimen160
\cmidrulesep=\dimen161
\cmidrulekern=\dimen162
\defaultaddspace=\dimen163
\@cmidla=\count275
\@cmidlb=\count276
\@aboverulesep=\dimen164
\@belowrulesep=\dimen165
\@thisruleclass=\count277
\@lastruleclass=\count278
\@thisrulewidth=\dimen166
) (./header.tex
(/usr/share/texlive/texmf-dist/tex/latex/fancyhdr/fancyhdr.sty
Package: fancyhdr 2022/05/18 v4.0.3 Extensive control of page headers and foote
rs
\f@nch@headwidth=\skip50
\f@nch@O@elh=\skip51
\f@nch@O@erh=\skip52
\f@nch@O@olh=\skip53
\f@nch@O@orh=\skip54
\f@nch@O@elf=\skip55
\f@nch@O@erf=\skip56
\f@nch@O@olf=\skip57
\f@nch@O@orf=\skip58
))
(/usr/share/texlive/texmf-dist/tex/latex/l3backend/l3backend-pdftex.def
File: l3backend-pdftex.def 2022-07-01 L3 backend support: PDF output (pdfTeX)
\l__color_backend_stack_int=\count279
\l__pdf_internal_box=\box51
)
(./main-EN.aux)
\openout1 = `main-EN.aux'.

LaTeX Font Info:    Checking defaults for OML/cmm/m/it on input line 21.
LaTeX Font Info:    ... okay on input line 21.
LaTeX Font Info:    Checking defaults for OMS/cmsy/m/n on input line 21.
LaTeX Font Info:    ... okay on input line 21.
LaTeX Font Info:    Checking defaults for OT1/cmr/m/n on input line 21.
LaTeX Font Info:    ... okay on input line 21.
LaTeX Font Info:    Checking defaults for T1/cmr/m/n on input line 21.
LaTeX Font Info:    ... okay on input line 21.
LaTeX Font Info:    Checking defaults for TS1/cmr/m/n on input line 21.
LaTeX Font Info:    ... okay on input line 21.
LaTeX Font Info:    Checking defaults for OMX/cmex/m/n on input line 21.
LaTeX Font Info:    ... okay on input line 21.
LaTeX Font Info:    Checking defaults for U/cmr/m/n on input line 21.
LaTeX Font Info:    ... okay on input line 21.
LaTeX Font Info:    Checking defaults for PD1/pdf/m/n on input line 21.
LaTeX Font Info:    ... okay on input line 21.
LaTeX Font Info:    Checking defaults for PU/pdf/m/n on input line 21.
LaTeX Font Info:    ... okay on input line 21.

*geometry* driver: auto-detecting
*geometry* detected driver: pdftex
*geometry* verbose mode - [ preamble ] result:
* driver: pdftex
* paper: letterpaper
* layout: <same size as paper>
* layoutoffset:(h,v)=(0.0pt,0.0pt)
* modes: 
* h-part:(L,W,R)=(56.9055pt, 500.484pt, 56.9055pt)
* v-part:(T,H,B)=(56.9055pt, 681.15898pt, 56.9055pt)
* \paperwidth=614.295pt
* \paperheight=794.96999pt
* \textwidth=500.484pt
* \textheight=681.15898pt
* \oddsidemargin=-15.36449pt
* \evensidemargin=-15.36449pt
* \topmargin=-52.36449pt
* \headheight=12.0pt
* \headsep=25.0pt
* \topskip=10.0pt
* \footskip=30.0pt
* \marginparwidth=49.79231pt
* \marginparsep=11.0pt
* \columnsep=10.0pt
* \skip\footins=9.0pt plus 4.0pt minus 2.0pt
* \hoffset=0.0pt
* \voffset=0.0pt
* \mag=1000
* \@twocolumnfalse
* \@twosidefalse
* \@mparswitchfalse
* \@reversemarginfalse
* (1in=72.27pt=25.4mm, 1cm=28.453pt)

(/usr/share/texlive/texmf-dist/tex/latex/graphics/color.sty
Package: color 2022/01/06 v1.3d Standard LaTeX Color (DPC)

(/usr/share/texlive/texmf-dist/tex/latex/graphics-cfg/color.cfg
File: color.cfg 2016/01/02 v1.6 sample color configuration
)
Package color Info: Driver file: pdftex.def on input line 149.

(/usr/share/texlive/texmf-dist/tex/latex/graphics/mathcolor.ltx))
Package hyperref Info: Link coloring ON on input line 21.

(./main-EN.out) (./main-EN.out)
\@outlinefile=\write3
\openout3 = `main-EN.out'.


(/usr/share/texlive/texmf-dist/tex/context/base/mkii/supp-pdf.mkii
[Loading MPS to PDF converter (version 2006.09.02).]
\scratchcounter=\count280
\scratchdimen=\dimen167
\scratchbox=\box52
\nofMPsegments=\count281
\nofMParguments=\count282
\everyMPshowfont=\toks18
\MPscratchCnt=\count283
\MPscratchDim=\dimen168
\MPnumerator=\count284
\makeMPintoPDFobject=\count285
\everyMPtoPDFconversion=\toks19
) (/usr/share/texlive/texmf-dist/tex/latex/epstopdf-pkg/epstopdf-base.sty
Package: epstopdf-base 2020-01-24 v2.11 Base part for package epstopdf
Package epstopdf-base Info: Redefining graphics rule for `.eps' on input line 4
85.

(/usr/share/texlive/texmf-dist/tex/latex/latexconfig/epstopdf-sys.cfg
File: epstopdf-sys.cfg 2010/07/13 v1.3 Configuration of (r)epstopdf for TeX Liv
e
))
LaTeX Font Info:    External font `cmex10' loaded for size
(Font)              <12> on input line 23.
LaTeX Font Info:    External font `cmex10' loaded for size
(Font)              <8> on input line 23.
LaTeX Font Info:    External font `cmex10' loaded for size
(Font)              <6> on input line 23.
<scene 12 - compleet.png, id=88, 803.0pt x 803.0pt>
File: scene 12 - compleet.png Graphic file (type png)
<use scene 12 - compleet.png>
Package pdftex.def Info: scene 12 - compleet.png  used on input line 26.
(pdftex.def)             Requested size: 500.484pt x 500.50146pt.

[1

{/var/lib/texmf/fonts/map/pdftex/updmap/pdftex.map} <./scene 12 - compleet.png 
(PNG copy)>] (./main-EN.toc
LaTeX Font Info:    External font `cmex10' loaded for size
(Font)              <7> on input line 4.
LaTeX Font Info:    External font `cmex10' loaded for size
(Font)              <5> on input line 4.
)
\tf@toc=\write4
\openout4 = `main-EN.toc'.

 [2

]
Underfull \hbox (badness 10000) in paragraph at lines 39--40

 []


Underfull \hbox (badness 10000) in paragraph at lines 41--42

 []


Underfull \hbox (badness 10000) in paragraph at lines 43--44

 []

(./s0-kast_afmetingen.tex)
File: scene 12 - compleet.png Graphic file (type png)
<use scene 12 - compleet.png>
Package pdftex.def Info: scene 12 - compleet.png  used on input line 53.
(pdftex.def)             Requested size: 350.33727pt x 350.34367pt.
 [3

]
Underfull \hbox (badness 10000) in paragraph at lines 61--62

 []

(./s0-kooplijst_hout.tex) (./s0-poten.tex) (./s0-schroeven.tex)
<schroeven.png, id=132, 706.64pt x 672.5125pt>
File: schroeven.png Graphic file (type png)
<use schroeven.png>
Package pdftex.def Info: schroeven.png  used on input line 79.
(pdftex.def)             Requested size: 150.14671pt x 142.89418pt.
 [4

 <./schroeven.png>] (./s0-elementen.tex)
<hoeken.png, id=145, 420.57124pt x 732.7375pt>
File: hoeken.png Graphic file (type png)
<use hoeken.png>
Package pdftex.def Info: hoeken.png  used on input line 93.
(pdftex.def)             Requested size: 100.09526pt x 174.38474pt.
 [5

 <./hoeken.png>] (./s0-plank_opt.tex)
(./s0-balk_opt.tex)
Underfull \hbox (badness 10000) in paragraph at lines 136--137

 []

(./s0-stuklijst_hout.tex) [6

] (./s1-voeten.tex)
<scene 1 - bottom.png, id=165, 803.0pt x 803.0pt>
File: scene 1 - bottom.png Graphic file (type png)
<use scene 1 - bottom.png>
Package pdftex.def Info: scene 1 - bottom.png  used on input line 161.
(pdftex.def)             Requested size: 400.38872pt x 400.39627pt.
 [7

 <./scene 1 - bottom.png (PNG copy)>] (./s2-rib_bottom.tex)
<scene 2 - bottom rib.png, id=173, 803.0pt x 803.0pt>
File: scene 2 - bottom rib.png Graphic file (type png)
<use scene 2 - bottom rib.png>
Package pdftex.def Info: scene 2 - bottom rib.png  used on input line 181.
(pdftex.def)             Requested size: 400.38872pt x 400.39627pt.
 [8

 <./scene 2 - bottom rib.png (PNG copy)>]
(./s3-ladder.tex)
<scene 3 - ladder.png, id=180, 803.0pt x 803.0pt>
File: scene 3 - ladder.png Graphic file (type png)
<use scene 3 - ladder.png>
Package pdftex.def Info: scene 3 - ladder.png  used on input line 201.
(pdftex.def)             Requested size: 400.38872pt x 400.39627pt.
 [9

 <./scene 3 - ladder.png (PNG copy)>]
<scene 4 - geraamte.png, id=187, 803.0pt x 803.0pt>
File: scene 4 - geraamte.png Graphic file (type png)
<use scene 4 - geraamte.png>
Package pdftex.def Info: scene 4 - geraamte.png  used on input line 222.
(pdftex.def)             Requested size: 400.38872pt x 400.39627pt.
 [10

 <./scene 4 - geraamte.png (PNG copy)>] (./s5-achterrib.tex)
<scene 5 - achterrib a.png, id=193, 803.0pt x 803.0pt>
File: scene 5 - achterrib a.png Graphic file (type png)
<use scene 5 - achterrib a.png>
Package pdftex.def Info: scene 5 - achterrib a.png  used on input line 242.
(pdftex.def)             Requested size: 400.38872pt x 400.39627pt.
<scene 5 - achterrib b.png, id=194, 803.0pt x 803.0pt>
File: scene 5 - achterrib b.png Graphic file (type png)
<use scene 5 - achterrib b.png>
Package pdftex.def Info: scene 5 - achterrib b.png  used on input line 249.
(pdftex.def)             Requested size: 400.38872pt x 400.39627pt.


LaTeX Warning: `!h' float specifier changed to `!ht'.

[11

 <./scene 5 - achterrib a.png (PNG copy)>] [12 <./scene 5 - achterrib b.png (PN
G copy)>] (./s6-vlonder.tex)
<scene 6 - vlonders a.png, id=206, 803.0pt x 803.0pt>
File: scene 6 - vlonders a.png Graphic file (type png)
<use scene 6 - vlonders a.png>
Package pdftex.def Info: scene 6 - vlonders a.png  used on input line 269.
(pdftex.def)             Requested size: 400.38872pt x 400.39627pt.
<scene 6 - vlonders b.png, id=207, 803.0pt x 803.0pt>
File: scene 6 - vlonders b.png Graphic file (type png)
<use scene 6 - vlonders b.png>
Package pdftex.def Info: scene 6 - vlonders b.png  used on input line 276.
(pdftex.def)             Requested size: 400.38872pt x 400.39627pt.


LaTeX Warning: `!h' float specifier changed to `!ht'.

[13

 <./scene 6 - vlonders a.png (PNG copy)>] [14 <./scene 6 - vlonders b.png (PNG 
copy)>] (./s7-boven.tex)
<scene 7 - boven.png, id=220, 803.0pt x 803.0pt>
File: scene 7 - boven.png Graphic file (type png)
<use scene 7 - boven.png>
Package pdftex.def Info: scene 7 - boven.png  used on input line 296.
(pdftex.def)             Requested size: 400.38872pt x 400.39627pt.
 [15

 <./scene 7 - boven.png (PNG copy)>]
(./s8-zeiden.tex)
<scene 8 - links_rechts.png, id=227, 803.0pt x 803.0pt>
File: scene 8 - links_rechts.png Graphic file (type png)
<use scene 8 - links_rechts.png>
Package pdftex.def Info: scene 8 - links_rechts.png  used on input line 316.
(pdftex.def)             Requested size: 400.38872pt x 400.39627pt.
 [16

 <./scene 8 - links_rechts.png (PNG copy)>]
(./s9-achterkant.tex)
<scene 9 - achterkant.png, id=234, 803.0pt x 803.0pt>
File: scene 9 - achterkant.png Graphic file (type png)
<use scene 9 - achterkant.png>
Package pdftex.def Info: scene 9 - achterkant.png  used on input line 336.
(pdftex.def)             Requested size: 400.38872pt x 400.39627pt.
 [17

 <./scene 9 - achterkant.png (PNG copy)>]
(./s10-deurpost.tex)
<scene 10 - deurpost a.png, id=241, 803.0pt x 803.0pt>
File: scene 10 - deurpost a.png Graphic file (type png)
<use scene 10 - deurpost a.png>
Package pdftex.def Info: scene 10 - deurpost a.png  used on input line 356.
(pdftex.def)             Requested size: 400.38872pt x 400.39627pt.
<scene 10 - deurpost b.png, id=242, 803.0pt x 803.0pt>
File: scene 10 - deurpost b.png Graphic file (type png)
<use scene 10 - deurpost b.png>
Package pdftex.def Info: scene 10 - deurpost b.png  used on input line 363.
(pdftex.def)             Requested size: 400.38872pt x 400.39627pt.


LaTeX Warning: `!h' float specifier changed to `!ht'.

[18

 <./scene 10 - deurpost a.png (PNG copy)>] [19 <./scene 10 - deurpost b.png (PN
G copy)>] (./s11-deur.tex)
<scene 11 - deur.png, id=255, 803.0pt x 803.0pt>
File: scene 11 - deur.png Graphic file (type png)
<use scene 11 - deur.png>
Package pdftex.def Info: scene 11 - deur.png  used on input line 383.
(pdftex.def)             Requested size: 400.38872pt x 400.39627pt.
 [20

 <./scene 11 - deur.png (PNG copy)>]
(./s12-sloten.tex)
File: scene 12 - compleet.png Graphic file (type png)
<use scene 12 - compleet.png>
Package pdftex.def Info: scene 12 - compleet.png  used on input line 403.
(pdftex.def)             Requested size: 400.38872pt x 400.39627pt.
 [21

]
File: scene 1 - bottom.png Graphic file (type png)
<use scene 1 - bottom.png>
Package pdftex.def Info: scene 1 - bottom.png  used on input line 415.
(pdftex.def)             Requested size: 500.484pt x 500.50146pt.
File: scene 2 - bottom rib.png Graphic file (type png)
<use scene 2 - bottom rib.png>
Package pdftex.def Info: scene 2 - bottom rib.png  used on input line 421.
(pdftex.def)             Requested size: 500.484pt x 500.50146pt.


LaTeX Warning: `!h' float specifier changed to `!ht'.

File: scene 3 - ladder.png Graphic file (type png)
<use scene 3 - ladder.png>
Package pdftex.def Info: scene 3 - ladder.png  used on input line 427.
(pdftex.def)             Requested size: 500.484pt x 500.50146pt.

LaTeX Warning: `!h' float specifier changed to `!ht'.

File: scene 4 - geraamte.png Graphic file (type png)
<use scene 4 - geraamte.png>
Package pdftex.def Info: scene 4 - geraamte.png  used on input line 433.
(pdftex.def)             Requested size: 500.484pt x 500.50146pt.

LaTeX Warning: `!h' float specifier changed to `!ht'.

File: scene 5 - achterrib a.png Graphic file (type png)
<use scene 5 - achterrib a.png>
Package pdftex.def Info: scene 5 - achterrib a.png  used on input line 439.
(pdftex.def)             Requested size: 500.484pt x 500.50146pt.

LaTeX Warning: `!h' float specifier changed to `!ht'.

File: scene 5 - achterrib b.png Graphic file (type png)
<use scene 5 - achterrib b.png>
Package pdftex.def Info: scene 5 - achterrib b.png  used on input line 445.
(pdftex.def)             Requested size: 500.484pt x 500.50146pt.

LaTeX Warning: `!h' float specifier changed to `!ht'.

File: scene 6 - vlonders a.png Graphic file (type png)
<use scene 6 - vlonders a.png>
Package pdftex.def Info: scene 6 - vlonders a.png  used on input line 451.
(pdftex.def)             Requested size: 500.484pt x 500.50146pt.

LaTeX Warning: `!h' float specifier changed to `!ht'.

File: scene 6 - vlonders b.png Graphic file (type png)
<use scene 6 - vlonders b.png>
Package pdftex.def Info: scene 6 - vlonders b.png  used on input line 457.
(pdftex.def)             Requested size: 500.484pt x 500.50146pt.

LaTeX Warning: `!h' float specifier changed to `!ht'.

File: scene 7 - boven.png Graphic file (type png)
<use scene 7 - boven.png>
Package pdftex.def Info: scene 7 - boven.png  used on input line 463.
(pdftex.def)             Requested size: 500.484pt x 500.50146pt.

LaTeX Warning: `!h' float specifier changed to `!ht'.

File: scene 8 - links_rechts.png Graphic file (type png)
<use scene 8 - links_rechts.png>
Package pdftex.def Info: scene 8 - links_rechts.png  used on input line 469.
(pdftex.def)             Requested size: 500.484pt x 500.50146pt.

LaTeX Warning: `!h' float specifier changed to `!ht'.

File: scene 9 - achterkant.png Graphic file (type png)
<use scene 9 - achterkant.png>
Package pdftex.def Info: scene 9 - achterkant.png  used on input line 475.
(pdftex.def)             Requested size: 500.484pt x 500.50146pt.

LaTeX Warning: `!h' float specifier changed to `!ht'.

File: scene 10 - deurpost a.png Graphic file (type png)
<use scene 10 - deurpost a.png>
Package pdftex.def Info: scene 10 - deurpost a.png  used on input line 481.
(pdftex.def)             Requested size: 500.484pt x 500.50146pt.

LaTeX Warning: `!h' float specifier changed to `!ht'.

File: scene 10 - deurpost b.png Graphic file (type png)
<use scene 10 - deurpost b.png>
Package pdftex.def Info: scene 10 - deurpost b.png  used on input line 487.
(pdftex.def)             Requested size: 500.484pt x 500.50146pt.

LaTeX Warning: `!h' float specifier changed to `!ht'.

File: scene 11 - deur.png Graphic file (type png)
<use scene 11 - deur.png>
Package pdftex.def Info: scene 11 - deur.png  used on input line 493.
(pdftex.def)             Requested size: 500.484pt x 500.50146pt.

LaTeX Warning: `!h' float specifier changed to `!ht'.

File: scene 12 - compleet.png Graphic file (type png)
<use scene 12 - compleet.png>
Package pdftex.def Info: scene 12 - compleet.png  used on input line 499.
(pdftex.def)             Requested size: 500.484pt x 500.50146pt.

LaTeX Warning: `!h' float specifier changed to `!ht'.

[22

] [23] [24] [25] [26] [27] [28] [29] [30] [31] [32] [33] [34] [35] [36]
(./main-EN.aux)
Package rerunfilecheck Info: File `main-EN.out' has not changed.
(rerunfilecheck)             Checksum: 136F0908CF8B24FBFD4A6500D5B89DF8;3110.
 ) 
Here is how much of TeX's memory you used:
 10281 strings out of 479865
 165956 string characters out of 5885329
 482652 words of memory out of 5000000
 28195 multiletter control sequences out of 15000+600000
 474195 words of font info for 44 fonts, out of 8000000 for 9000
 81 hyphenation exceptions out of 8191
 72i,12n,77p,734b,454s stack positions out of 10000i,1000n,20000p,200000b,200000s
 </home/windhoos/.texlive2022/texmf-var/fonts/pk/ljfour/jknappen/ec/tcrm1000.
600pk></usr/share/texlive/texmf-dist/fonts/type1/public/amsfonts/cm/cmbx10.pfb>
</usr/share/texlive/texmf-dist/fonts/type1/public/amsfonts/cm/cmbx12.pfb></usr/
share/texlive/texmf-dist/fonts/type1/public/amsfonts/cm/cmr10.pfb></usr/share/t
exlive/texmf-dist/fonts/type1/public/amsfonts/cm/cmr12.pfb></usr/share/texlive/
texmf-dist/fonts/type1/public/amsfonts/cm/cmr17.pfb></usr/share/texlive/texmf-d
ist/fonts/type1/public/amsfonts/cm/cmti10.pfb>
Output written on main-EN.pdf (36 pages, 1814901 bytes).
PDF statistics:
 404 PDF objects out of 1000 (max. 8388607)
 330 compressed objects within 4 object streams
 110 named destinations out of 1000 (max. 500000)
 254 words of extra memory for PDF output out of 10000 (max. 10000000)

